init led
start wifi
undefined
set connected
Queue Exists
queue ready


Start the WalkSmart Scan
Adding stored data:
Done adding stored data.
{ address: 'C449C2FA3DB2',
  rotations: 2316,
  duration: 2314,
  year: 17,
  month: 1,
  day: 15,
  hour: 22,
  minute: 30,
  id: 'C449C2FA3DB223162314171152230' }
{ address: 'C449C2FA3DB2',
  rotations: 1002,
  duration: 1000,
  year: 17,
  month: 4,
  day: 2,
  hour: 8,
  minute: 6,
  id: 'C449C2FA3DB210021000174286' }
{ address: 'C449C2FA3DB2',
  rotations: 1209,
  duration: 1207,
  year: 17,
  month: 1,
  day: 15,
  hour: 12,
  minute: 13,
  id: 'C449C2FA3DB212091207171151213' }
{ address: 'C449C2FA3DB2',
  rotations: 1344,
  duration: 1342,
  year: 17,
  month: 1,
  day: 15,
  hour: 12,
  minute: 13,
  id: 'C449C2FA3DB213441342171151213' }
{ address: 'C449C2FA3DB2',
  rotations: 138,
  duration: 136,
  year: 17,
  month: 4,
  day: 2,
  hour: 8,
  minute: 6,
  id: 'C449C2FA3DB2138136174286' }
{ address: 'C449C2FA3DB2',
  rotations: 1389,
  duration: 1387,
  year: 17,
  month: 1,
  day: 15,
  hour: 12,
  minute: 13,
  id: 'C449C2FA3DB213891387171151213' }
{ address: 'C449C2FA3DB2',
  rotations: 1470,
  duration: 1468,
  year: 17,
  month: 1,
  day: 15,
  hour: 12,
  minute: 13,
  id: 'C449C2FA3DB214701468171151213' }
{ address: 'C449C2FA3DB2',
  rotations: 1560,
  duration: 1558,
  year: 17,
  month: 1,
  day: 15,
  hour: 12,
  minute: 13,
  id: 'C449C2FA3DB215601558171151213' }
{ address: 'C449C2FA3DB2',
  rotations: 156,
  duration: 154,
  year: 17,
  month: 4,
  day: 2,
  hour: 8,
  minute: 6,
  id: 'C449C2FA3DB2156154174286' }
{ address: 'C449C2FA3DB2',
  rotations: 1605,
  duration: 1603,
  year: 17,
  month: 1,
  day: 15,
  hour: 12,
  minute: 13,
  id: 'C449C2FA3DB216051603171151213' }
{ address: 'C449C2FA3DB2',
  rotations: 1812,
  duration: 1810,
  year: 17,
  month: 1,
  day: 15,
  hour: 12,
  minute: 13,
  id: 'C449C2FA3DB218121810171151213' }
{ address: 'C449C2FA3DB2',
  rotations: 1857,
  duration: 1855,
  year: 17,
  month: 1,
  day: 15,
  hour: 12,
  minute: 13,
  id: 'C449C2FA3DB218571855171151213' }
{ address: 'C449C2FA3DB2',
  rotations: 1893,
  duration: 1891,
  year: 17,
  month: 1,
  day: 15,
  hour: 12,
  minute: 13,
  id: 'C449C2FA3DB218931891171151213' }
{ address: 'C449C2FA3DB2',
  rotations: 1929,
  duration: 1927,
  year: 17,
  month: 1,
  day: 15,
  hour: 12,
  minute: 13,
  id: 'C449C2FA3DB219291927171151213' }
{ address: 'C449C2FA3DB2',
  rotations: 1956,
  duration: 1954,
  year: 17,
  month: 1,
  day: 15,
  hour: 12,
  minute: 13,
  id: 'C449C2FA3DB219561954171151213' }
{ address: 'C449C2FA3DB2',
  rotations: 1965,
  duration: 1963,
  year: 17,
  month: 1,
  day: 15,
  hour: 12,
  minute: 13,
  id: 'C449C2FA3DB219651963171151213' }
{ address: 'C449C2FA3DB2',
  rotations: 2055,
  duration: 2053,
  year: 17,
  month: 1,
  day: 15,
  hour: 22,
  minute: 30,
  id: 'C449C2FA3DB220552053171152230' }
{ address: 'C449C2FA3DB2',
  rotations: 2118,
  duration: 2116,
  year: 17,
  month: 1,
  day: 15,
  hour: 22,
  minute: 30,
  id: 'C449C2FA3DB221182116171152230' }
{ address: 'C449C2FA3DB2',
  rotations: 2217,
  duration: 2215,
  year: 17,
  month: 1,
  day: 15,
  hour: 22,
  minute: 30,
  id: 'C449C2FA3DB222172215171152230' }
{ address: 'C449C2FA3DB2',
  rotations: 2235,
  duration: 2233,
  year: 17,
  month: 1,
  day: 15,
  hour: 22,
  minute: 30,
  id: 'C449C2FA3DB222352233171152230' }
{ address: 'C449C2FA3DB2',
  rotations: 2253,
  duration: 2251,
  year: 17,
  month: 1,
  day: 15,
  hour: 22,
  minute: 30,
  id: 'C449C2FA3DB222532251171152230' }
{ address: 'C449C2FA3DB2',
  rotations: 228,
  duration: 226,
  year: 17,
  month: 4,
  day: 2,
  hour: 8,
  minute: 6,
  id: 'C449C2FA3DB2228226174286' }
{ address: 'C449C2FA3DB2',
  rotations: 1137,
  duration: 1135,
  year: 17,
  month: 1,
  day: 15,
  hour: 12,
  minute: 13,
  id: 'C449C2FA3DB211371135171151213' }
{ address: 'C449C2FA3DB2',
  rotations: 2379,
  duration: 2377,
  year: 17,
  month: 1,
  day: 15,
  hour: 22,
  minute: 30,
  id: 'C449C2FA3DB223792377171152230' }
{ address: 'C449C2FA3DB2',
  rotations: 2388,
  duration: 2386,
  year: 17,
  month: 1,
  day: 15,
  hour: 22,
  minute: 30,
  id: 'C449C2FA3DB223882386171152230' }
{ address: 'C449C2FA3DB2',
  rotations: 2406,
  duration: 2404,
  year: 17,
  month: 1,
  day: 15,
  hour: 22,
  minute: 30,
  id: 'C449C2FA3DB224062404171152230' }
{ address: 'C449C2FA3DB2',
  rotations: 2595,
  duration: 2593,
  year: 17,
  month: 1,
  day: 15,
  hour: 22,
  minute: 30,
  id: 'C449C2FA3DB225952593171152230' }
{ address: 'C449C2FA3DB2',
  rotations: 2631,
  duration: 2629,
  year: 17,
  month: 1,
  day: 15,
  hour: 22,
  minute: 30,
  id: 'C449C2FA3DB226312629171152230' }
{ address: 'C449C2FA3DB2',
  rotations: 264,
  duration: 262,
  year: 17,
  month: 4,
  day: 2,
  hour: 8,
  minute: 6,
  id: 'C449C2FA3DB2264262174286' }
{ address: 'C449C2FA3DB2',
  rotations: 2667,
  duration: 2665,
  year: 17,
  month: 1,
  day: 15,
  hour: 22,
  minute: 30,
  id: 'C449C2FA3DB226672665171152230' }
{ address: 'C449C2FA3DB2',
  rotations: 2676,
  duration: 2674,
  year: 17,
  month: 1,
  day: 15,
  hour: 22,
  minute: 30,
  id: 'C449C2FA3DB226762674171152230' }
{ address: 'C449C2FA3DB2',
  rotations: 2694,
  duration: 2692,
  year: 17,
  month: 1,
  day: 15,
  hour: 22,
  minute: 30,
  id: 'C449C2FA3DB226942692171152230' }
{ address: 'C449C2FA3DB2',
  rotations: 2730,
  duration: 2728,
  year: 17,
  month: 1,
  day: 15,
  hour: 22,
  minute: 30,
  id: 'C449C2FA3DB227302728171152230' }
{ address: 'C449C2FA3DB2',
  rotations: 2739,
  duration: 2737,
  year: 17,
  month: 1,
  day: 15,
  hour: 22,
  minute: 30,
  id: 'C449C2FA3DB227392737171152230' }
{ address: 'C449C2FA3DB2',
  rotations: 2748,
  duration: 2746,
  year: 17,
  month: 1,
  day: 15,
  hour: 22,
  minute: 30,
  id: 'C449C2FA3DB227482746171152230' }
{ address: 'C449C2FA3DB2',
  rotations: 2775,
  duration: 2773,
  year: 17,
  month: 1,
  day: 15,
  hour: 22,
  minute: 30,
  id: 'C449C2FA3DB227752773171152230' }
{ address: 'C449C2FA3DB2',
  rotations: 2811,
  duration: 2809,
  year: 17,
  month: 1,
  day: 15,
  hour: 22,
  minute: 30,
  id: 'C449C2FA3DB228112809171152230' }
{ address: 'C449C2FA3DB2',
  rotations: 552,
  duration: 550,
  year: 17,
  month: 4,
  day: 2,
  hour: 8,
  minute: 6,
  id: 'C449C2FA3DB2552550174286' }
{ address: 'C449C2FA3DB2',
  rotations: 660,
  duration: 658,
  year: 17,
  month: 4,
  day: 2,
  hour: 8,
  minute: 6,
  id: 'C449C2FA3DB2660658174286' }
{ address: 'C449C2FA3DB2',
  rotations: 75,
  duration: 73,
  year: 17,
  month: 4,
  day: 2,
  hour: 8,
  minute: 6,
  id: 'C449C2FA3DB27573174286' }
{ address: 'C449C2FA3DB2',
  rotations: 759,
  duration: 757,
  year: 17,
  month: 4,
  day: 2,
  hour: 8,
  minute: 6,
  id: 'C449C2FA3DB2759757174286' }
{ address: 'C449C2FA3DB2',
  rotations: 867,
  duration: 865,
  year: 17,
  month: 4,
  day: 2,
  hour: 8,
  minute: 6,
  id: 'C449C2FA3DB2867865174286' }
{ address: 'C449C2FA3DB2',
  rotations: 885,
  duration: 883,
  year: 17,
  month: 4,
  day: 2,
  hour: 8,
  minute: 6,
  id: 'C449C2FA3DB2885883174286' }
{ address: 'C449C2FA3DB2',
  rotations: 93,
  duration: 91,
  year: 17,
  month: 4,
  day: 2,
  hour: 8,
  minute: 6,
  id: 'C449C2FA3DB29391174286' }
Successfully Added to Queue
Successfully Added to Queue
Successfully Added to Queue
Successfully Added to Queue
Successfully Added to Queue
Successfully Added to Queue
Successfully Added to Queue
Successfully Added to Queue
Successfully Added to Queue
Successfully Added to Queue
Successfully Added to Queue
Successfully Added to Queue
Successfully Added to Queue
Successfully Added to Queue
Successfully Added to Queue
Successfully Added to Queue
Successfully Added to Queue
Successfully Added to Queue
Successfully Added to Queue
Successfully Added to Queue
Successfully Added to Queue
Successfully Added to Queue
Successfully Added to Queue
Successfully Added to Queue
Successfully Added to Queue
Successfully Added to Queue
Successfully Added to Queue
Successfully Added to Queue
Successfully Added to Queue
Successfully Added to Queue
Successfully Added to Queue
Successfully Added to Queue
Successfully Added to Queue
Successfully Added to Queue
Successfully Added to Queue
Successfully Added to Queue
Successfully Added to Queue
Successfully Added to Queue
Successfully Added to Queue
Successfully Added to Queue
Successfully Added to Queue
Successfully Added to Queue
Successfully Added to Queue
Successfully Added to Queue
poweredOn
blink
something started a scan
null
